SF:lib\data_storage\remote_data_source\user_data_source.dart
DA:14,1
DA:18,2
DA:19,1
DA:20,1
DA:21,3
DA:22,3
DA:26,2
DA:27,1
DA:28,1
DA:29,1
DA:30,1
DA:34,2
DA:38,0
DA:48,1
DA:50,2
DA:52,1
DA:57,2
DA:58,2
DA:59,2
LF:19
LH:18
end_of_record
SF:lib\models\user.dart
DA:26,1
DA:36,0
DA:37,0
DA:39,0
LF:4
LH:1
end_of_record
SF:lib\models\user.g.dart
DA:9,0
DA:10,0
DA:11,0
DA:12,0
DA:13,0
DA:14,0
DA:15,0
DA:16,0
DA:19,0
DA:20,0
DA:21,0
DA:22,0
DA:23,0
DA:24,0
DA:25,0
DA:26,0
LF:16
LH:0
end_of_record
SF:lib\data_storage\remote_data_source\response\login_response.dart
DA:6,0
DA:8,1
DA:9,2
DA:10,2
DA:11,2
DA:14,0
DA:15,0
DA:16,0
DA:17,0
DA:18,0
LF:10
LH:4
end_of_record
SF:lib\helper\http_service.dart
DA:6,3
DA:7,2
DA:8,1
DA:20,1
DA:21,2
DA:22,1
DA:24,1
DA:25,1
DA:26,1
DA:29,3
DA:30,1
DA:33,1
LF:12
LH:12
end_of_record
SF:lib\models\product.dart
DA:27,0
DA:29,0
DA:30,0
LF:3
LH:0
end_of_record
SF:lib\models\product.g.dart
DA:9,0
DA:10,0
DA:11,0
DA:12,0
DA:13,0
DA:14,0
DA:15,0
DA:18,0
DA:19,0
DA:20,0
DA:21,0
DA:22,0
DA:23,0
DA:24,0
LF:14
LH:0
end_of_record
